# JRE version: Java(TM) SE Runtime Environment (17.0.9+11) (build 17.0.9+11-LTS-201)
# Java VM: Java HotSpot(TM) 64-Bit Server VM (17.0.9+11-LTS-201, mixed mode, sharing, tiered, compressed oops, compressed class ptrs, g1 gc, windows-amd64)
GC Precious Log:
 CPUs: 12 total, 12 available
 Memory: 7876M
 Large Page Support: Disabled
 NUMA Support: Disabled
 Compressed Oops: Enabled (32-bit)
 Heap Region Size: 1M
 Heap Min Capacity: 8M
 Heap Initial Capacity: 124M
 Heap Max Capacity: 1970M
 Pre-touch: Disabled
 Parallel Workers: 10
 Concurrent Workers: 3
 Concurrent Refinement Workers: 10
 Periodic GC: Disabled
Heap:
 garbage-first heap   total 91136K, used 53469K [0x0000000084e00000, 0x0000000100000000)
  region size 1024K, 3 young (3072K), 2 survivors (2048K)
 Metaspace       used 113670K, committed 114368K, reserved 1179648K
  class space    used 15325K, committed 15680K, reserved 1048576K
GC Heap History (20 events):
Event: 27.580 GC heap before
{Heap before GC invocations=24 (full 0):
 garbage-first heap   total 73728K, used 57358K [0x0000000084e00000, 0x0000000100000000)
  region size 1024K, 17 young (17408K), 2 survivors (2048K)
 Metaspace       used 87826K, committed 88384K, reserved 1179648K
  class space    used 12200K, committed 12480K, reserved 1048576K
}
Event: 27.583 GC heap after
{Heap after GC invocations=25 (full 0):
 garbage-first heap   total 73728K, used 43051K [0x0000000084e00000, 0x0000000100000000)
  region size 1024K, 2 young (2048K), 2 survivors (2048K)
 Metaspace       used 87826K, committed 88384K, reserved 1179648K
  class space    used 12200K, committed 12480K, reserved 1048576K
}
Event: 28.138 GC heap before
{Heap before GC invocations=26 (full 0):
 garbage-first heap   total 76800K, used 59435K [0x0000000084e00000, 0x0000000100000000)
  region size 1024K, 18 young (18432K), 2 survivors (2048K)
 Metaspace       used 88810K, committed 89344K, reserved 1179648K
  class space    used 12359K, committed 12608K, reserved 1048576K
}
Event: 28.143 GC heap after
{Heap after GC invocations=27 (full 0):
 garbage-first heap   total 76800K, used 44388K [0x0000000084e00000, 0x0000000100000000)
  region size 1024K, 2 young (2048K), 2 survivors (2048K)
 Metaspace       used 88810K, committed 89344K, reserved 1179648K
  class space    used 12359K, committed 12608K, reserved 1048576K
}
Event: 29.126 GC heap before
{Heap before GC invocations=27 (full 0):
 garbage-first heap   total 76800K, used 60772K [0x0000000084e00000, 0x0000000100000000)
  region size 1024K, 19 young (19456K), 2 survivors (2048K)
 Metaspace       used 90786K, committed 91328K, reserved 1179648K
  class space    used 12622K, committed 12864K, reserved 1048576K
}
Event: 29.131 GC heap after
{Heap after GC invocations=28 (full 0):
 garbage-first heap   total 76800K, used 45937K [0x0000000084e00000, 0x0000000100000000)
  region size 1024K, 3 young (3072K), 3 survivors (3072K)
 Metaspace       used 90786K, committed 91328K, reserved 1179648K
  class space    used 12622K, committed 12864K, reserved 1048576K
}
Event: 30.072 GC heap before
{Heap before GC invocations=29 (full 0):
 garbage-first heap   total 80896K, used 62321K [0x0000000084e00000, 0x0000000100000000)
  region size 1024K, 19 young (19456K), 3 survivors (3072K)
 Metaspace       used 93155K, committed 93760K, reserved 1179648K
  class space    used 12986K, committed 13248K, reserved 1048576K
}
Event: 30.076 GC heap after
{Heap after GC invocations=30 (full 0):
 garbage-first heap   total 80896K, used 47323K [0x0000000084e00000, 0x0000000100000000)
  region size 1024K, 2 young (2048K), 2 survivors (2048K)
 Metaspace       used 93155K, committed 93760K, reserved 1179648K
  class space    used 12986K, committed 13248K, reserved 1048576K
}
Event: 30.877 GC heap before
{Heap before GC invocations=30 (full 0):
 garbage-first heap   total 80896K, used 64731K [0x0000000084e00000, 0x0000000100000000)
  region size 1024K, 20 young (20480K), 2 survivors (2048K)
 Metaspace       used 97415K, committed 97920K, reserved 1179648K
  class space    used 13379K, committed 13632K, reserved 1048576K
}
Event: 30.882 GC heap after
{Heap after GC invocations=31 (full 0):
 garbage-first heap   total 80896K, used 48471K [0x0000000084e00000, 0x0000000100000000)
  region size 1024K, 3 young (3072K), 3 survivors (3072K)
 Metaspace       used 97415K, committed 97920K, reserved 1179648K
  class space    used 13379K, committed 13632K, reserved 1048576K
}
Event: 31.742 GC heap before
{Heap before GC invocations=32 (full 0):
 garbage-first heap   total 86016K, used 64855K [0x0000000084e00000, 0x0000000100000000)
  region size 1024K, 20 young (20480K), 3 survivors (3072K)
 Metaspace       used 101555K, committed 102208K, reserved 1179648K
  class space    used 13848K, committed 14144K, reserved 1048576K
}
Event: 31.748 GC heap after
{Heap after GC invocations=33 (full 0):
 garbage-first heap   total 86016K, used 49333K [0x0000000084e00000, 0x0000000100000000)
  region size 1024K, 3 young (3072K), 3 survivors (3072K)
 Metaspace       used 101555K, committed 102208K, reserved 1179648K
  class space    used 13848K, committed 14144K, reserved 1048576K
}
Event: 32.686 GC heap before
{Heap before GC invocations=33 (full 0):
 garbage-first heap   total 86016K, used 68789K [0x0000000084e00000, 0x0000000100000000)
  region size 1024K, 23 young (23552K), 3 survivors (3072K)
 Metaspace       used 105778K, committed 106432K, reserved 1179648K
  class space    used 14430K, committed 14784K, reserved 1048576K
}
Event: 32.690 GC heap after
{Heap after GC invocations=34 (full 0):
 garbage-first heap   total 86016K, used 51231K [0x0000000084e00000, 0x0000000100000000)
  region size 1024K, 3 young (3072K), 3 survivors (3072K)
 Metaspace       used 105778K, committed 106432K, reserved 1179648K
  class space    used 14430K, committed 14784K, reserved 1048576K
}
Event: 34.583 GC heap before
{Heap before GC invocations=35 (full 0):
 garbage-first heap   total 91136K, used 68639K [0x0000000084e00000, 0x0000000100000000)
  region size 1024K, 21 young (21504K), 3 survivors (3072K)
 Metaspace       used 109784K, committed 110400K, reserved 1179648K
  class space    used 14939K, committed 15232K, reserved 1048576K
}
Event: 34.588 GC heap after
{Heap after GC invocations=36 (full 0):
 garbage-first heap   total 91136K, used 52273K [0x0000000084e00000, 0x0000000100000000)
  region size 1024K, 2 young (2048K), 2 survivors (2048K)
 Metaspace       used 109784K, committed 110400K, reserved 1179648K
  class space    used 14939K, committed 15232K, reserved 1048576K
}
Event: 34.684 GC heap before
{Heap before GC invocations=36 (full 0):
 garbage-first heap   total 91136K, used 54321K [0x0000000084e00000, 0x0000000100000000)
  region size 1024K, 4 young (4096K), 2 survivors (2048K)
 Metaspace       used 110335K, committed 110976K, reserved 1179648K
  class space    used 15006K, committed 15296K, reserved 1048576K
}
Event: 34.687 GC heap after
{Heap after GC invocations=37 (full 0):
 garbage-first heap   total 91136K, used 52569K [0x0000000084e00000, 0x0000000100000000)
  region size 1024K, 1 young (1024K), 1 survivors (1024K)
 Metaspace       used 110335K, committed 110976K, reserved 1179648K
  class space    used 15006K, committed 15296K, reserved 1048576K
}
Event: 48.657 GC heap before
{Heap before GC invocations=37 (full 0):
 garbage-first heap   total 91136K, used 75097K [0x0000000084e00000, 0x0000000100000000)
  region size 1024K, 23 young (23552K), 1 survivors (1024K)
 Metaspace       used 113663K, committed 114304K, reserved 1179648K
  class space    used 15327K, committed 15616K, reserved 1048576K
}
Event: 48.734 GC heap after
{Heap after GC invocations=38 (full 0):
 garbage-first heap   total 91136K, used 53469K [0x0000000084e00000, 0x0000000100000000)
  region size 1024K, 2 young (2048K), 2 survivors (2048K)
 Metaspace       used 113663K, committed 114304K, reserved 1179648K
  class space    used 15327K, committed 15616K, reserved 1048576K
}

